<?xml version="1.0" encoding="UTF-8"?>
<testng-results ignored="0" total="3" passed="3" failed="0" skipped="0">
  <reporter-output>
  </reporter-output>
  <suite started-at="2021-11-08T08:50:28Z" name="nopcommerse Regression suite" finished-at="2021-11-08T08:50:48Z" duration-ms="20383">
    <groups>
    </groups>
    <test started-at="2021-11-08T08:50:28Z" name="Regression test" finished-at="2021-11-08T08:50:48Z" duration-ms="20383">
      <class name="Tests.UserRegistrationTest">
        <test-method is-config="true" signature="setupClass(java.lang.String)[pri:0, instance:Tests.UserRegistrationTest@8dbdac1]" started-at="2021-11-08T08:50:28Z" name="setupClass" finished-at="2021-11-08T08:50:30Z" duration-ms="1823" status="PASS">
          <params>
            <param index="0">
              <value>
                <![CDATA[chrome]]>
              </value>
            </param>
          </params>
          <reporter-output>
          </reporter-output>
        </test-method> <!-- setupClass -->
        <test-method is-config="true" signature="setupTest()[pri:0, instance:Tests.UserRegistrationTest@8dbdac1]" started-at="2021-11-08T08:50:30Z" name="setupTest" finished-at="2021-11-08T08:50:36Z" duration-ms="6101" status="PASS">
          <reporter-output>
          </reporter-output>
        </test-method> <!-- setupTest -->
        <test-method signature="register_success()[pri:1, instance:Tests.UserRegistrationTest@8dbdac1]" started-at="2021-11-08T08:50:36Z" name="register_success" finished-at="2021-11-08T08:50:42Z" duration-ms="5928" status="PASS">
          <reporter-output>
          </reporter-output>
        </test-method> <!-- register_success -->
        <test-method signature="logout_success()[pri:0, instance:Tests.UserRegistrationTest@8dbdac1]" started-at="2021-11-08T08:50:42Z" name="logout_success" finished-at="2021-11-08T08:50:46Z" depends-on-methods="Tests.UserRegistrationTest.register_success" duration-ms="3902" status="PASS">
          <reporter-output>
          </reporter-output>
        </test-method> <!-- logout_success -->
        <test-method signature="login_success()[pri:0, instance:Tests.UserRegistrationTest@8dbdac1]" started-at="2021-11-08T08:50:46Z" name="login_success" finished-at="2021-11-08T08:50:48Z" depends-on-methods="Tests.UserRegistrationTest.logout_success" duration-ms="2626" status="PASS">
          <reporter-output>
          </reporter-output>
        </test-method> <!-- login_success -->
      </class> <!-- Tests.UserRegistrationTest -->
    </test> <!-- Regression test -->
  </suite> <!-- nopcommerse Regression suite -->
</testng-results>
