<?xml version="1.0" encoding="UTF-8"?>
<!-- Generated by org.testng.reporters.JUnitXMLReporter -->
<testsuite ignored="0" hostname="Mohamed_Abdelsalam" failures="0" tests="3" name="Regression test" time="20.383" errors="0" timestamp="08 Nov 2021 08:50:48 GMT">
  <testcase classname="Tests.UserRegistrationTest" name="register_success" time="5.928"/>
  <testcase classname="Tests.UserRegistrationTest" name="logout_success" time="3.902"/>
  <testcase classname="Tests.UserRegistrationTest" name="login_success" time="2.626"/>
</testsuite> <!-- Regression test -->
